IQ-TREE multicore version 2.0.7 for Linux 64-bit built Jan 21 2022
Developed by Bui Quang Minh, Nguyen Lam Tung, Olga Chernomor,
Heiko Schmidt, Dominik Schrempf, Michael Woodhams.

Host:    PTIRLINUX (AVX2, FMA3, 14 GB RAM)
Command: iqtree2 --threads-max 8 -s results/aligned-delim.fasta -m GTR --ninit 2 -n 2 --epsilon 0.05 -T AUTO --redo
Seed:    231545 (Using SPRNG - Scalable Parallel Random Number Generator)
Time:    Thu Apr 24 15:02:40 2025
Kernel:  AVX+FMA - auto-detect threads (16 CPU cores detected)

Reading alignment file results/aligned-delim.fasta ... Fasta format detected
Alignment most likely contains DNA/RNA sequences
Alignment has 1575 sequences with 7367 columns, 4422 distinct patterns
3204 parsimony-informative, 893 singleton sites, 3270 constant sites
             Gap/Ambiguity  Composition  p-value
   1  AY426531.1     0.00%    passed     85.14%
   2  NC_038308.1    0.00%    passed     85.14%
   3  KU844179.1     1.45%    passed     80.28%
   4  MN240507.1     0.00%    passed     81.92%
   5  MN240508.1     0.00%    passed     77.62%
   6  KU844178.1     0.68%    passed     75.35%
   7  PP025902.1     3.07%    passed     79.57%
   8  KT725431.1     0.65%    passed     85.63%
   9  PV448634.1     0.58%    passed     95.30%
  10  PV448637.1     0.58%    passed     93.59%
  11  PV448647.1     0.69%    passed     93.06%
  12  PV448650.1     0.56%    passed     94.97%
  13  PV448640.1     0.76%    passed     94.11%
  14  PV448636.1     0.87%    passed     95.85%
  15  PV448646.1     0.71%    passed     96.39%
  16  PQ415008.1    11.52%    passed     71.93%
  17  PQ415009.1    11.52%    passed     71.93%
  18  PQ415010.1    11.52%    passed     74.45%
  19  OQ160431.1     2.78%    passed     99.68%
  20  OQ784116.1     0.76%    passed     98.23%
  21  PP474896.1     0.83%    passed     93.91%
  22  PP474897.1     0.83%    passed     84.95%
  23  OR235128.1     0.50%    passed     90.64%
  24  OP572051.1     0.50%    passed     92.85%
  25  OP321153.1     0.54%    passed     92.48%
  26  OP572083.1     0.53%    passed     92.85%
  27  OP572059.1     0.54%    passed     92.60%
  28  OP321145.1     0.54%    passed     93.82%
  29  OP572080.1     0.53%    passed     91.06%
  30  OP572058.1     0.50%    passed     87.52%
  31  OP321141.1     0.57%    passed     92.97%
  32  OP321144.1     0.57%    passed     94.98%
  33  OP572078.1     0.52%    passed     87.91%
  34  PP474898.1     0.83%    passed     86.60%
  35  PV448645.1     0.56%    passed     96.05%
  36  PQ238641.1     0.57%    passed     95.01%
  37  PQ238696.1     1.11%    passed     94.69%
  38  PQ238697.1     1.11%    passed     96.66%
  39  PQ238708.1     1.10%    passed     94.58%
  40  OP572039.1     0.52%    passed     93.03%
  41  OP572054.1     0.53%    passed     92.45%
  42  OP572057.1     0.98%    passed     95.09%
  43  OP572063.1     0.54%    passed     91.54%
  44  OP572056.1     0.56%    passed     92.75%
  45  OP572082.1     0.53%    passed     90.46%
  46  OP572094.1     0.53%    passed     90.35%
  47  PQ238672.1     0.60%    passed     94.22%
  48  OP572044.1     0.52%    passed     92.40%
  49  OP572047.1     0.52%    passed     91.39%
  50  OP572072.1     0.53%    passed     94.08%
  51  OP572090.1     0.50%    passed     91.22%
  52  PQ238642.1     1.09%    passed     96.38%
  53  PQ238698.1     1.11%    passed     98.48%
  54  PQ238670.1     0.58%    passed     91.33%
  55  PQ238632.1     0.54%    passed     96.33%
  56  PQ238636.1     0.53%    passed     96.09%
  57  PQ238655.1     1.07%    passed     96.21%
  58  PQ238656.1     0.56%    passed     95.13%
  59  PQ238691.1     1.34%    passed     93.96%
  60  PQ238701.1     0.56%    passed     88.43%
  61  PQ238684.1     0.58%    passed     95.05%
  62  PQ238671.1     1.10%    passed     92.80%
  63  PQ238651.1     0.53%    passed     96.94%
  64  PQ238643.1     0.58%    passed     97.59%
  65  PP474899.1     0.67%    passed     91.00%
  66  PV448635.1     0.56%    passed     96.56%
  67  PV448638.1     0.58%    passed     96.85%
  68  PV448643.1     0.60%    passed     97.04%
  69  PV448641.1     0.57%    passed     90.93%
  70  PV448642.1     0.58%    passed     90.82%
  71  PV448648.1     0.57%    passed     89.72%
  72  PV448639.1     0.58%    passed     92.23%
  73  OP779778.1     0.75%    passed     92.11%
  74  PP893080.1     0.76%    passed     94.22%
  75  OR235130.1     0.50%    passed     91.13%
  76  OP572035.1     0.50%    passed     89.55%
  77  OP572062.1     0.50%    passed     89.55%
  78  OP321150.1     0.57%    passed     90.08%
  79  OP572046.1     0.52%    passed     88.77%
  80  OP572048.1     0.50%    passed     87.37%
  81  OP572052.1     0.50%    passed     92.09%
  82  OP572065.1     0.50%    passed     92.37%
  83  OP572087.1     0.57%    passed     86.05%
  84  OP572064.1     0.54%    passed     88.67%
  85  OP572036.1     0.53%    passed     85.97%
  86  OP321146.1     0.57%    passed     88.61%
  87  OP321154.1     0.57%    passed     88.61%
  88  OP572045.1     0.54%    passed     85.00%
  89  PP474891.1     0.83%    passed     91.04%
  90  PP474892.1     0.76%    passed     88.63%
  91  PP474893.1     0.83%    passed     94.12%
  92  PP474894.1     0.64%    passed     84.24%
  93  PQ415013.1    11.52%    passed     72.14%
  94  PP474887.1     0.62%    passed     91.41%
  95  PP474888.1     1.15%    passed     97.31%
  96  PP474874.1     0.77%    passed     92.34%
  97  PP474875.1     0.57%    passed     94.16%
  98  PP474876.1     0.81%    passed     95.01%
  99  PP474877.1     0.76%    passed     94.62%
 100  PP474878.1     0.73%    passed     95.34%
 101  PP474880.1     0.69%    passed     93.26%
 102  PP474879.1     0.68%    passed     94.93%
 103  PP474881.1     0.92%    passed     94.05%
 104  PP474882.1     1.00%    passed     93.98%
 105  PP474883.1     0.65%    passed     94.50%
 106  PP474884.1     0.83%    passed     93.94%
 107  PP474885.1     0.73%    passed     93.77%
 108  PP474886.1     0.57%    passed     92.34%
 109  PP474889.1     0.86%    passed     92.82%
 110  PP474890.1     0.61%    passed     94.98%
 111  PQ287507.1     0.75%    passed     89.98%
 112  OP572055.1     0.50%    passed     90.70%
 113  OP572043.1     0.54%    passed     87.13%
 114  OP572071.1     0.50%    passed     87.78%
 115  PQ415011.1    11.52%    passed     73.26%
 116  PQ415048.1    11.52%    passed     77.67%
 117  PQ415012.1    11.52%    passed     70.48%
 118  PP474845.1     0.64%    passed     86.84%
 119  PP474846.1     0.77%    passed     89.79%
 120  PP474847.1     0.76%    passed     90.16%
 121  PP474848.1     0.83%    passed     91.64%
 122  PP474849.1     0.76%    passed     88.14%
 123  PP474850.1     0.79%    passed     93.98%
 124  PP474852.1     0.80%    passed     90.76%
 125  PP474853.1     0.80%    passed     93.56%
 126  PP474857.1     0.76%    passed     91.50%
 127  PP474855.1     0.80%    passed     91.23%
 128  PP474856.1     0.83%    passed     90.42%
 129  PP474861.1     0.83%    passed     92.12%
 130  OP572040.1     0.53%    passed     95.31%
 131  PP474858.1     0.77%    passed     92.34%
 132  PP474859.1     0.94%    passed     92.08%
 133  PP474851.1     0.52%    passed     89.38%
 134  PP474860.1     0.86%    passed     95.54%
 135  PP474863.1     0.87%    passed     96.27%
 136  OR235127.1     0.50%    passed     89.41%
 137  OR235129.1     0.50%    passed     89.81%
 138  OP572037.1     0.96%    passed     91.81%
 139  OP572042.1     0.96%    passed     91.11%
 140  OP572066.1     0.50%    passed     90.41%
 141  OR235131.1     0.50%    passed     91.57%
 142  OP321147.1     0.57%    passed     93.00%
 143  OP572049.1     0.53%    passed     97.20%
 144  PP474862.1     0.61%    passed     92.73%
 145  PP474864.1     0.60%    passed     93.12%
 146  PP474865.1     0.86%    passed     92.42%
 147  PP474866.1     0.68%    passed     90.03%
 148  PP474867.1     0.76%    passed     89.78%
 149  PP474868.1     0.76%    passed     90.57%
 150  PP474869.1     0.67%    passed     90.71%
 151  PP474870.1     0.83%    passed     91.64%
 152  PP474854.1     0.58%    passed     92.38%
 153  PP474873.1     0.71%    passed     90.64%
 154  OP572076.1     0.56%    passed     89.25%
 155  PP474844.1     2.50%    passed     84.23%
 156  PP474871.1     0.86%    passed     85.98%
 157  PP474872.1     0.72%    passed     91.59%
 158  OP572089.1     0.56%    passed     91.96%
 159  OP572073.1     0.53%    passed     93.49%
 160  OP572088.1     0.53%    passed     89.28%
 161  OP572085.1     0.52%    passed     94.25%
 162  OP572086.1     0.52%    passed     90.02%
 163  OP572068.1     0.54%    passed     91.27%
 164  OP321143.1     0.58%    passed     92.03%
 165  OP572050.1     0.52%    passed     93.28%
 166  OP572093.1     0.54%    passed     92.89%
 167  PQ238634.1     1.07%    passed     91.15%
 168  PQ238640.1     0.58%    passed     89.87%
 169  PQ238680.1     1.09%    passed     93.53%
 170  PP474838.1     0.80%    passed     87.72%
 171  PP474839.1     0.60%    passed     90.35%
 172  PP474840.1     0.72%    passed     90.07%
 173  PP474841.1     0.83%    passed     89.90%
 174  PP474842.1     0.83%    passed     92.62%
 175  PP474843.1     0.68%    passed     92.29%
 176  OP321142.1     0.57%    passed     86.46%
 177  OP572038.1     0.52%    passed     95.52%
 178  OP572074.1     0.50%    passed     92.18%
 179  OP572041.1     0.57%    passed     88.07%
 180  PQ238633.1     0.58%    passed     95.88%
 181  PQ238635.1     1.07%    passed     95.15%
 182  PQ238649.1     0.57%    passed     95.12%
 183  PQ238654.1     0.58%    passed     94.75%
 184  PQ238648.1     0.57%    passed     95.70%
 185  PQ238663.1     1.10%    passed     97.51%
 186  PQ238665.1     1.10%    passed     97.80%
 187  PQ238661.1     0.57%    passed     94.09%
 188  PQ238662.1     0.56%    passed     92.63%
 189  PQ238704.1     0.58%    passed     97.49%
 190  PQ238658.1     0.58%    passed     95.22%
 191  PQ238664.1     0.62%    passed     96.04%
 192  PQ238693.1     1.07%    passed     93.99%
 193  PQ238694.1     1.07%    passed     97.49%
 194  PQ238702.1     1.09%    passed     92.85%
 195  PQ238705.1     0.60%    passed     93.26%
 196  PQ238667.1     1.09%    passed     90.62%
 197  PQ238699.1     1.10%    passed     96.92%
 198  PQ238644.1     0.56%    passed     93.11%
 199  PQ238637.1     0.57%    passed     95.70%
 200  PQ238659.1     0.60%    passed     92.54%
 201  PQ238666.1     0.62%    passed     86.32%
 202  PQ238669.1     1.07%    passed     89.74%
 203  PQ238689.1     0.79%    passed     93.97%
 204  PQ238709.1     1.09%    passed     95.81%
 205  PQ238676.1     0.58%    passed     91.53%
 206  PQ238673.1     0.62%    passed     94.29%
 207  PQ238685.1     0.58%    passed     89.28%
 208  PQ238692.1     1.10%    passed     91.56%
 209  PQ238638.1     0.56%    passed     93.15%
 210  PQ238639.1     0.53%    passed     91.94%
 211  PQ238682.1     0.57%    passed     90.36%
 212  PQ238686.1     1.07%    passed     93.42%
 213  PQ238660.1     0.54%    passed     88.75%
 214  PQ238674.1     0.96%    passed     93.20%
 215  PQ238695.1     1.09%    passed     96.75%
 216  PQ238700.1     0.56%    passed     90.81%
 217  PQ238711.1     1.13%    passed     97.44%
 218  PQ238646.1     0.52%    passed     93.02%
 219  PQ238677.1     1.10%    passed     94.49%
 220  PQ238652.1     0.53%    passed     90.12%
 221  PQ238657.1     0.98%    passed     92.92%
 222  PQ238675.1     0.57%    passed     94.90%
 223  PQ238690.1     0.54%    passed     93.88%
 224  PQ238683.1     1.06%    passed     93.16%
 225  PQ238653.1     0.77%    passed     92.51%
 226  PQ238679.1     0.58%    passed     95.02%
 227  PQ238706.1     1.11%    passed     96.38%
 228  PQ238707.1     1.07%    passed     89.96%
 229  PQ238710.1     1.13%    passed     97.12%
 230  PQ238703.1     0.58%    passed     92.03%
 231  PQ819575.1     5.96%    passed     83.42%
 232  PQ819576.1     1.97%    passed     84.20%
 233  LC817373.1     0.53%    passed     89.97%
 234  PP474900.1     1.00%    passed     93.88%
 235  PQ238681.1     0.62%    passed     97.69%
 236  OP572081.1     0.52%    passed     96.96%
 237  OP572091.1     0.96%    passed     91.64%
 238  OP572095.1     0.57%    passed     89.41%
 239  PQ238645.1     1.10%    passed     92.57%
 240  PP548243.1     0.57%    passed     91.88%
 241  PP548246.1     3.12%    passed     94.09%
 242  PP947791.1     3.84%    passed     93.56%
 243  PP947794.1     4.43%    passed     94.16%
 244  PP947798.1     2.95%    passed     97.20%
 245  PP838729.1     0.64%    passed     90.32%
 246  PP947795.1     2.01%    passed     92.82%
 247  PP947792.1     3.62%    passed     95.16%
 248  PP947790.1     0.62%    passed     88.91%
 249  PP838730.1     0.58%    passed     86.73%
 250  PP548244.1     0.73%    passed     86.13%
 251  OR571424.1     2.71%    passed     96.29%
 252  PP474895.1     1.11%    passed     91.22%
 253  PP474901.1     0.76%    passed     97.59%
 254  PV448644.1     1.17%    passed     95.83%
 255  PQ432995.1    10.63%    passed     92.58%
 256  PQ238687.1     0.60%    passed     92.79%
 257  PQ238723.1     1.14%    passed     91.63%
 258  PQ238724.1     1.14%    passed     91.63%
 259  PQ238650.1     1.02%    passed     85.92%
 260  OP572075.1     0.53%    passed     93.48%
 261  OP572069.1     0.54%    passed     97.87%
 262  OP572079.1     0.54%    passed     97.10%
 263  OP572084.1     0.54%    passed     95.80%
 264  PP474902.1     0.86%    passed     94.00%
 265  OP321148.1     0.57%    passed     90.34%
 266  PQ238668.1     0.57%    passed     98.40%
 267  PP474817.1     0.64%    passed     98.65%
 268  PP474833.1     0.79%    passed     98.53%
 269  PP474818.1     1.11%    passed     98.88%
 270  PP474819.1     1.11%    passed     98.88%
 271  PP474820.1     0.81%    passed     98.30%
 272  PP474821.1     0.77%    passed     97.13%
 273  PP474825.1     0.81%    passed     97.80%
 274  PP474827.1     0.81%    passed     98.59%
 275  PP474826.1     0.75%    passed     97.74%
 276  PP474829.1     0.73%    passed     97.74%
 277  PP474822.1     0.81%    passed     98.99%
 278  PP474824.1     0.60%    passed     97.43%
 279  PP474830.1     0.72%    passed     97.72%
 280  PP474823.1     0.84%    passed     94.60%
 281  PP474831.1     0.67%    passed     98.48%
 282  PP474836.1     0.79%    passed     96.80%
 283  PP474832.1     8.90%    passed     97.87%
 284  PP474828.1     0.57%    passed     97.43%
 285  PP474835.1     1.13%    passed     99.02%
 286  PP474834.1     0.61%    passed     97.78%
 287  PP474837.1     0.84%    passed     96.00%
 288  OP321139.1     0.56%    passed     89.88%
 289  OQ737942.1     2.62%    passed     98.39%
 290  MN245988.1     0.49%    passed     98.50%
 291  PQ238574.1     1.07%    passed     99.77%
 292  MN389731.1     0.49%    passed     95.60%
 293  MN245999.1     0.60%    passed     96.72%
 294  PQ238629.1     2.73%    passed     99.70%
 295  MN246020.1     0.60%    passed     96.42%
 296  MN246021.1     0.60%    passed     97.91%
 297  MN246024.1     0.60%    passed     98.38%
 298  MN246023.1     0.60%    passed     95.89%
 299  MK419044.1     1.71%    passed     99.92%
 300  MK419072.1     0.96%    passed     98.30%
 301  MK419068.1     1.03%    passed     99.74%
 302  MK419074.1     0.69%    passed     98.46%
 303  MK659591.1     0.50%    passed     99.83%
 304  MK659593.1     0.50%    passed     99.67%
 305  MK659599.1     0.50%    passed     98.35%
 306  MK659602.1     0.50%    passed     95.42%
 307  PQ238562.1     0.53%    passed     99.04%
 308  PQ238559.1     0.52%    passed     95.82%
 309  PQ238617.1     0.57%    passed     99.68%
 310  OW122595.1     6.37%    passed     90.35%
 311  MK419037.1     3.12%    passed     99.47%
 312  MK419040.1     1.87%    passed     97.56%
 313  MK419059.1     0.75%    passed     94.09%
 314  MK419047.1     1.45%    passed     99.94%
 315  PQ238560.1     0.52%    passed     98.45%
 316  PQ238570.1     0.52%    passed     98.42%
 317  PQ238590.1     0.52%    passed     99.00%
 318  PQ238579.1     0.50%    passed     97.70%
 319  PQ238621.1     2.73%    passed     99.66%
 320  PQ238622.1     2.73%    passed     99.59%
 321  PQ238594.1     0.52%    passed     95.55%
 322  PQ238582.1     0.53%    passed     95.43%
 323  PQ238576.1     0.50%    passed     97.19%
 324  MK419035.1     1.22%    passed     93.97%
 325  MK419046.1     1.15%    passed     98.25%
 326  MK419049.1     0.61%    passed     92.93%
 327  MN389734.1     0.49%    passed     95.30%
 328  MN246015.1     0.49%    passed     96.23%
 329  MK419058.1     0.81%    passed     98.14%
 330  MK659589.1     0.50%    passed     93.85%
 331  MK659595.1     0.50%    passed     96.69%
 332  MK419038.1     0.96%    passed     97.78%
 333  PQ238612.1     0.50%    passed     99.40%
 334  MK419076.1     1.56%    passed     99.77%
 335  PQ238623.1     2.73%    passed     99.65%
 336  MK419054.1     1.83%    passed     99.83%
 337  MK419055.1     0.86%    passed     98.42%
 338  MK419070.1     1.06%    passed     97.75%
 339  MK419080.1     0.99%    passed     97.30%
 340  MN245985.1     0.58%    passed     96.65%
 341  MN245986.1     0.60%    passed     95.66%
 342  PQ238564.1     0.50%    passed     99.50%
 343  PQ238565.1     0.92%    passed     99.42%
 344  PQ238572.1     1.09%    passed     99.68%
 345  PQ238593.1     0.52%    passed     99.13%
 346  PQ238598.1     0.54%    passed     99.21%
 347  PQ238586.1     0.88%    passed     99.29%
 348  PQ238566.1     0.50%    passed     99.33%
 349  PQ238581.1     0.52%    passed     99.13%
 350  PQ238606.1     0.52%    passed     96.48%
 351  PQ238591.1     0.54%    passed     98.21%
 352  PQ238592.1     0.98%    passed     98.98%
 353  PQ238602.1     0.52%    passed     99.03%
 354  PQ238607.1     0.53%    passed     99.67%
 355  PQ238609.1     0.53%    passed     99.43%
 356  PQ238631.1     2.71%    passed     99.75%
 357  PQ238608.1     0.50%    passed     99.10%
 358  PQ238626.1     2.71%    passed     99.86%
 359  PQ238599.1     1.15%    passed     99.95%
 360  MN245401.1     2.58%    passed     99.42%
 361  MN245405.1     2.58%    passed     99.32%
 362  MN245403.1     2.58%    passed     98.01%
 363  MN245982.1     0.60%    passed     98.48%
 364  MK491181.1     0.60%    passed     97.93%
 365  MN246017.1     0.60%    passed     97.49%
 366  MN246019.1     0.60%    passed     96.40%
 367  MN246018.1     0.61%    passed     97.12%
 368  MN246006.1     0.60%    passed     98.68%
 369  MN245996.1     0.60%    passed     97.26%
 370  MN246007.1     0.65%    passed     98.90%
 371  PQ238614.1     0.52%    passed     99.96%
 372  PQ238589.1     0.53%    passed     99.63%
 373  MK419071.1     1.25%    passed     99.44%
 374  PQ238583.1     0.92%    passed     99.81%
 375  PQ238567.1     0.52%    passed     99.15%
 376  PQ238571.1     0.52%    passed     98.21%
 377  PQ238600.1     0.50%    passed     97.88%
 378  PQ238610.1     0.52%    passed     97.63%
 379  PQ238580.1     0.50%    passed     97.32%
 380  PQ238573.1     0.50%    passed     94.63%
 381  PQ238588.1     0.53%    passed     95.41%
 382  PQ238615.1     1.11%    passed     99.07%
 383  PQ238616.1     0.53%    passed     96.86%
 384  PQ238630.1     2.70%    passed     99.07%
 385  OQ653554.1     1.36%    passed     96.58%
 386  MN245981.1     0.58%    passed     94.76%
 387  MK491180.1     0.60%    passed     95.06%
 388  MN245983.1     0.60%    passed     92.63%
 389  MK491182.1     0.60%    passed     93.85%
 390  MN246039.1     0.60%    passed     91.45%
 391  MN389735.1     0.49%    passed     96.98%
 392  MN246026.1     0.60%    passed     96.25%
 393  MN245997.1     0.60%    passed     96.73%
 394  MN245998.1     0.60%    passed     95.50%
 395  MN246012.1     0.60%    passed     97.69%
 396  MK659596.1     0.50%    passed     98.44%
 397  MK659601.1     0.50%    passed     98.94%
 398  MN246011.1     0.60%    passed     96.79%
 399  MK419050.1     1.17%    passed     99.66%
 400  MK419056.1     2.42%    passed     99.76%
 401  MK419065.1     0.65%    passed     98.03%
 402  MK419052.1     1.09%    passed     98.11%
 403  MN389730.1     0.49%    passed     95.67%
 404  MN245994.1     0.60%    passed     95.08%
 405  MN245995.1     0.60%    passed     97.36%
 406  MN245990.1     0.60%    passed     97.97%
 407  OK085437.1    10.86%    passed     75.99%
 408  OK085448.1    10.89%    passed     76.76%
 409  OK085443.1    10.87%    passed     78.76%
 410  OK085444.1    10.93%    passed     76.22%
 411  OK085451.1    10.87%    passed     77.41%
 412  OK085452.1    10.86%    passed     79.18%
 413  OK085447.1    10.87%    passed     75.07%
 414  OK085445.1    10.87%    passed     76.73%
 415  OK085449.1    10.89%    passed     78.24%
 416  OK085450.1    10.86%    passed     77.97%
 417  OK085441.1    10.87%    passed     74.53%
 418  OK085442.1    10.87%    passed     77.44%
 419  OK085446.1    10.90%    passed     70.82%
 420  MK659592.1     0.50%    passed     97.29%
 421  MK419045.1     0.64%    passed     96.18%
 422  MN365200.1     0.50%    passed     94.66%
 423  MK689392.1    10.04%    passed     75.27%
 424  PQ238584.1     0.50%    passed     95.92%
 425  PQ238575.1     0.54%    passed     98.83%
 426  PQ238601.1     0.50%    passed     98.59%
 427  PQ238619.1     2.69%    passed     99.70%
 428  PQ238578.1     0.52%    passed     98.48%
 429  PQ238604.1     0.52%    passed     98.98%
 430  PQ238605.1     0.50%    passed     99.02%
 431  PQ238613.1     0.46%    passed     99.05%
 432  PQ238625.1     2.74%    passed     99.88%
 433  MK659594.1     0.50%    passed     98.89%
 434  MK659603.1     0.50%    passed     98.58%
 435  PQ238568.1     0.50%    passed     97.18%
 436  MT789742.1     0.49%    passed     97.68%
 437  MK659598.1     0.50%    passed     97.15%
 438  PQ238577.1     0.52%    passed     99.66%
 439  PQ238587.1     0.99%    passed     99.66%
 440  MN389732.1     0.49%    passed     99.12%
 441  MN246002.1     0.60%    passed     98.64%
 442  MN245991.1     0.60%    passed     98.48%
 443  MN245993.1     0.60%    passed     98.95%
 444  MK659604.1     0.50%    passed     98.72%
 445  PQ238618.1     2.69%    passed     99.58%
 446  MK419034.1     1.07%    passed     99.78%
 447  MK419036.1     2.62%    passed     99.92%
 448  MK419041.1     0.76%    passed     99.12%
 449  OK085462.1    10.89%    passed     67.30%
 450  MK419033.1     0.62%    passed     95.36%
 451  MN246001.1     0.60%    passed     97.13%
 452  MN246005.1     0.60%    passed     97.33%
 453  MN173594.1     1.29%    passed     99.13%
 454  MK659597.1     0.50%    passed     99.22%
 455  MK659600.1     0.50%    passed     95.15%
 456  OK085463.1    10.90%    passed     73.04%
 457  OK085464.1    10.87%    passed     68.80%
 458  OK085439.1    10.89%    passed     69.14%
 459  OK085455.1    10.87%    passed     68.35%
 460  OK085453.1    10.87%    passed     65.79%
 461  OK085454.1    10.89%    passed     63.86%
 462  OK085456.1    10.87%    passed     68.34%
 463  OK085440.1    11.08%    passed     67.15%
 464  OK085436.1    10.91%    passed     78.50%
 465  OK085458.1    10.87%    passed     79.29%
 466  OK085459.1    10.87%    passed     79.47%
 467  OK085457.1    10.89%    passed     79.43%
 468  OK085438.1    10.89%    passed     82.29%
 469  OK085461.1    10.87%    passed     79.92%
 470  OK085460.1    10.90%    passed     77.80%
 471  MK419043.1     0.84%    passed     99.12%
 472  MK659590.1     0.50%    passed     96.44%
 473  MN245989.1     0.60%    passed     98.88%
 474  MN246003.1     0.60%    passed     98.64%
 475  MK419042.1     0.81%    passed     97.48%
 476  MN246016.1     0.60%    passed     97.05%
 477  PQ238563.1     0.52%    passed     98.94%
 478  MT081368.1     0.49%    passed     96.85%
 479  MK659588.1     0.50%    passed     96.77%
 480  MN245987.1     0.60%    passed     94.70%
 481  MK419067.1     1.06%    passed     96.32%
 482  PQ238595.1     0.52%    passed     98.64%
 483  PQ238628.1     2.70%    passed     99.81%
 484  MK419048.1     1.87%    passed     99.33%
 485  MN389733.1     0.49%    passed     97.02%
 486  MN246008.1     0.60%    passed     96.92%
 487  MN246009.1     0.60%    passed     96.88%
 488  PQ238624.1     2.73%    passed     99.86%
 489  PQ238569.1     1.09%    passed     99.49%
 490  OQ259309.1     2.21%    passed     99.20%
 491  OQ259310.1     2.01%    passed     98.93%
 492  OQ285848.1     2.58%    passed     98.62%
 493  OQ259318.1     2.08%    passed     99.30%
 494  OQ259312.1     2.24%    passed     98.20%
 495  OQ259311.1     2.33%    passed     99.90%
 496  OQ259313.1     2.17%    passed     96.58%
 497  OQ259317.1     2.17%    passed     93.41%
 498  OQ259316.1     2.23%    passed     99.05%
 499  OQ259314.1     2.29%    passed     99.66%
 500  OQ259315.1     2.17%    passed     99.42%
 501  OQ285850.1     2.09%    passed     97.14%
 502  OQ285851.1     2.32%    passed     99.26%
 503  OQ259319.1     2.25%    passed     99.58%
 504  OQ259320.1     2.19%    passed     98.25%
 505  OQ285854.1     2.10%    passed     99.57%
 506  OQ285852.1     2.24%    passed     98.98%
 507  OQ285853.1     2.19%    passed     99.61%
 508  PQ238603.1     1.13%    passed     99.73%
 509  PQ238597.1     0.53%    passed     99.62%
 510  PQ432998.1    11.93%    passed     95.22%
 511  OP572067.1     0.49%    passed     94.82%
 512  PQ862960.1     1.14%    passed     99.33%
 513  PQ862964.1     1.14%    passed     99.38%
 514  PQ238725.1     1.14%    passed     96.52%
 515  OP572077.1     0.53%    passed     95.03%
 516  PQ228195.1    14.48%    passed     86.16%
 517  OP321152.1     2.78%    passed     92.38%
 518  PV448649.1     0.60%    passed     94.58%
 519  PV178235.1     1.47%    passed     96.55%
 520  PQ862937.1     1.14%    passed     90.99%
 521  PQ862940.1     1.14%    passed     92.43%
 522  PQ862950.1     1.14%    passed     91.67%
 523  PQ862962.1     1.14%    passed     92.86%
 524  PQ862945.1     1.14%    passed     91.77%
 525  PQ862948.1     1.14%    passed     90.24%
 526  PQ862955.1     1.14%    passed     90.24%
 527  PQ862956.1     1.14%    passed     84.45%
 528  PQ862941.1     1.14%    passed     94.43%
 529  PQ862951.1     1.14%    passed     95.01%
 530  PQ862963.1     1.14%    passed     93.20%
 531  PQ862959.1     1.14%    passed     93.49%
 532  PQ862957.1     1.14%    passed     88.54%
 533  PQ238722.1     1.14%    passed     89.82%
 534  PQ862965.1     1.14%    passed     94.21%
 535  PQ862967.1     1.14%    passed     83.56%
 536  PQ862961.1     1.14%    passed     89.38%
 537  PQ862942.1     1.14%    passed     92.50%
 538  PQ862943.1     1.14%    passed     92.50%
 539  PQ862958.1     1.14%    passed     87.50%
 540  PQ862939.1     1.14%    passed     92.48%
 541  PQ862946.1     1.14%    passed     88.96%
 542  PQ862953.1     1.14%    passed     88.96%
 543  PQ862947.1     1.14%    passed     84.88%
 544  PQ862954.1     1.14%    passed     84.88%
 545  PQ862966.1     1.14%    passed     92.08%
 546  PQ862938.1     1.14%    passed     71.93%
 547  PQ862944.1     1.14%    passed     89.23%
 548  PQ862949.1     1.14%    passed     89.95%
 549  PQ862952.1     1.14%    passed     90.62%
 550  PQ238726.1     1.14%    passed     89.23%
 551  PQ238727.1     1.14%    passed     88.72%
 552  PQ426650.1    11.47%    passed     65.11%
 553  PP548247.1     1.94%    passed     92.00%
 554  PP838726.1     1.29%    passed     80.92%
 555  PP838727.1     0.77%    passed     85.66%
 556  PP838731.1     0.77%    passed     86.49%
 557  PP838733.1     0.65%    passed     84.89%
 558  PP838734.1     0.61%    passed     85.79%
 559  PP838739.1     0.61%    passed     81.24%
 560  PP838735.1     0.64%    passed     84.31%
 561  PP838738.1     0.61%    passed     83.08%
 562  PP838736.1     0.94%    passed     90.42%
 563  PP838728.1     0.56%    passed     86.84%
 564  PP838737.1     0.62%    passed     83.83%
 565  PP838732.1     0.53%    passed     87.82%
 566  PP947796.1     2.14%    passed     90.44%
 567  PP947797.1     4.24%    passed     94.78%
 568  PQ426628.1    11.52%    passed     65.29%
 569  PQ426627.1    11.52%    passed     69.36%
 570  PQ426651.1    11.55%    passed     68.65%
 571  OP572092.1     0.98%    passed     97.90%
 572  OP321151.1     0.56%    passed     91.49%
 573  OQ126961.1     1.62%    passed     97.36%
 574  OQ126962.1     1.62%    passed     98.11%
 575  OQ126968.1     1.62%    passed     98.50%
 576  OQ126987.1     1.62%    passed     98.54%
 577  OQ126993.1     1.62%    passed     98.05%
 578  OQ127001.1     1.62%    passed     98.67%
 579  OQ126994.1     1.62%    passed     98.42%
 580  OQ139570.1     1.62%    passed     98.68%
 581  OQ139573.1     1.70%    passed     97.38%
 582  OQ139571.1     1.63%    passed     97.97%
 583  OQ126988.1     1.62%    passed     97.69%
 584  OQ126964.1     1.62%    passed     97.96%
 585  OQ126967.1     1.62%    passed     98.90%
 586  OQ126969.1     1.19%    passed     98.30%
 587  OQ126971.1     1.19%    passed     98.88%
 588  OQ126977.1     1.81%    passed     98.67%
 589  OQ126981.1     1.60%    passed     98.08%
 590  OQ126998.1     1.60%    passed     96.52%
 591  OQ126966.1     1.62%    passed     95.55%
 592  OQ126990.1     1.62%    passed     98.40%
 593  OQ127000.1     1.62%    passed     96.95%
 594  OQ126984.1     1.06%    passed     98.56%
 595  OQ126972.1     1.19%    passed     97.14%
 596  OQ126982.1     1.97%    passed     98.70%
 597  OP267493.1     0.50%    passed     96.52%
 598  OP267500.1     0.50%    passed     96.52%
 599  OP267494.1     1.87%    passed     99.04%
 600  OP267503.1     0.50%    passed     96.39%
 601  OP267504.1     0.50%    passed     96.39%
 602  OP267502.1     0.50%    passed     96.12%
 603  OP267510.1     0.50%    passed     97.64%
 604  OP267507.1     0.50%    passed     96.64%
 605  OP267501.1     0.50%    passed     95.63%
 606  OP267513.1     0.50%    passed     96.55%
 607  OP267518.1     0.50%    passed     96.67%
 608  OP267508.1     0.50%    passed     96.18%
 609  OP267506.1     0.50%    passed     97.27%
 610  OP267517.1     0.50%    passed     95.49%
 611  OP267514.1     0.50%    passed     94.44%
 612  OP267523.1     0.50%    passed     94.90%
 613  OQ126973.1    17.58%    passed     90.62%
 614  OQ126976.1     1.56%    passed     97.17%
 615  OQ126978.1     1.56%    passed     97.17%
 616  OQ126980.1     1.56%    passed     96.96%
 617  OQ126983.1     1.56%    passed     95.44%
 618  OQ126974.1     1.56%    passed     99.73%
 619  OQ126975.1     1.57%    passed     99.16%
 620  OQ126985.1     1.56%    passed     98.50%
 621  OQ126986.1     1.56%    passed     99.39%
 622  OQ126979.1     1.56%    passed     97.17%
 623  OQ126965.1     1.62%    passed     98.32%
 624  OQ126989.1     1.26%    passed     97.67%
 625  OQ126991.1     1.56%    passed     98.07%
 626  OQ126992.1     1.62%    passed     98.94%
 627  OQ126999.1     1.45%    passed     99.78%
 628  PQ415034.1    11.52%    passed     59.61%
 629  OP267509.1     0.50%    passed     98.29%
 630  OP267512.1     0.50%    passed     97.17%
 631  OP267519.1     0.69%    passed     97.15%
 632  OQ126963.1     1.62%    passed     98.42%
 633  OQ126997.1     1.62%    passed     99.02%
 634  OQ126970.1     1.19%    passed     98.66%
 635  OP295397.1     0.71%    passed     98.65%
 636  PQ415033.1    11.51%    passed     62.78%
 637  PQ415035.1    11.52%    passed     61.02%
 638  PQ415036.1    11.52%    passed     56.92%
 639  OP295398.1     3.54%    passed     97.19%
 640  OP295403.1     3.52%    passed     98.77%
 641  OP295404.1     3.52%    passed     98.57%
 642  OP295399.1     3.52%    passed     95.51%
 643  OQ139572.1     1.62%    passed     99.87%
 644  OP295400.1     3.53%    passed     96.80%
 645  OP295402.1     3.54%    passed     96.16%
 646  OP295401.1     3.68%    passed     96.53%
 647  OQ126995.1     1.56%    passed     95.09%
 648  OQ126996.1     1.53%    passed     95.71%
 649  PQ414993.1    11.52%    passed     57.65%
 650  PQ414994.1    11.52%    passed     59.37%
 651  PQ414995.1    11.51%    passed     57.45%
 652  PQ415037.1    11.52%    passed     62.89%
 653  PQ414996.1    11.52%    passed     65.93%
 654  OP267505.1     0.50%    passed     99.59%
 655  PQ414997.1    11.52%    passed     64.03%
 656  OQ160430.1     2.82%    passed     99.88%
 657  PQ414998.1    11.51%    passed     58.81%
 658  PQ415002.1    11.51%    passed     53.81%
 659  PQ414999.1    11.52%    passed     55.56%
 660  PQ415000.1    11.52%    passed     56.43%
 661  PQ415041.1    11.52%    passed     53.63%
 662  PQ415001.1    11.52%    passed     54.03%
 663  PQ415039.1    11.52%    passed     57.58%
 664  PQ415040.1    11.52%    passed     54.53%
 665  PQ415042.1    11.52%    passed     52.05%
 666  PQ415003.1    11.52%    passed     47.44%
 667  PQ415038.1    11.52%    passed     48.30%
 668  PQ415043.1    11.52%    passed     54.51%
 669  PQ415004.1    11.51%    passed     47.58%
 670  PQ414985.1    11.52%    passed     64.59%
 671  PQ415026.1    11.52%    passed     62.04%
 672  PQ415027.1    11.52%    passed     60.94%
 673  PQ415028.1    11.51%    passed     59.90%
 674  PQ415031.1    11.52%    passed     61.64%
 675  PQ414987.1    11.52%    passed     61.37%
 676  PQ414988.1    11.52%    passed     60.62%
 677  PQ414989.1    11.54%    passed     62.79%
 678  PQ415029.1    11.52%    passed     61.64%
 679  PQ415030.1    11.52%    passed     60.62%
 680  PQ415032.1    11.52%    passed     61.87%
 681  PQ414990.1    11.52%    passed     64.32%
 682  PQ414986.1    11.51%    passed     61.55%
 683  PQ414991.1    11.52%    passed     60.27%
 684  PQ414992.1    11.51%    passed     60.82%
 685  OP389245.1     0.76%    passed     99.23%
 686  PQ415044.1    11.52%    passed     50.80%
 687  PQ415045.1    11.52%    passed     53.40%
 688  PQ415005.1    11.52%    passed     59.50%
 689  PQ415047.1    11.51%    passed     59.20%
 690  PQ415046.1    11.52%    passed     67.65%
 691  PP474903.1     0.75%    passed     95.25%
 692  PQ415006.1    11.52%    passed     60.75%
 693  PQ238678.1     0.53%    passed     93.65%
 694  OP572061.1     0.49%    passed     95.98%
 695  OP321140.1     0.57%    passed     91.87%
 696  OR460083.1     0.72%    passed     93.79%
 697  PQ415007.1    11.52%    passed     67.64%
 698  OP295405.1     3.52%    passed     92.98%
 699  OP389246.1     0.60%    passed     96.02%
 700  PQ238688.1     1.09%    passed     90.23%
 701  PQ238647.1     0.54%    passed     99.00%
 702  OQ160433.1     5.38%    passed     95.50%
 703  OP321149.1     2.80%    passed     90.73%
 704  OQ553811.1    12.16%    passed     96.21%
 705  PQ238620.1     2.73%    passed     94.26%
 706  PQ238561.1     0.46%    passed     96.53%
 707  PQ889420.1     1.59%    passed     84.32%
 708  PQ889421.1     1.09%    passed     81.18%
 709  MT791928.1     0.48%    passed     89.82%
 710  MT791933.1     0.48%    passed     85.22%
 711  PQ238585.1     1.06%    passed     90.50%
 712  PQ238596.1     0.98%    passed     89.46%
 713  PQ238627.1     2.70%    passed     89.36%
 714  PQ807712.1     0.45%    passed     93.87%
 715  MW697453.1     0.80%    passed     87.20%
 716  LC495298.1     0.46%    passed     81.80%
 717  MZ824222.1     0.45%    passed     77.83%
 718  MZ824223.1     0.45%    passed     87.03%
 719  LC495299.1     0.46%    passed     84.41%
 720  MK614087.1     1.00%    passed     81.69%
 721  OQ737941.1     2.32%    passed     91.03%
 722  MN365197.1     0.62%    passed     92.55%
 723  MN365198.1     0.56%    passed     94.54%
 724  MN163000.1     2.28%    passed     84.77%
 725  MN259109.1     0.64%    passed     83.44%
 726  PQ415019.1    11.52%    passed     55.96%
 727  MT789736.1     0.46%    passed     84.45%
 728  MT791931.1     0.46%    passed     81.63%
 729  PQ415023.1    11.52%    passed     59.92%
 730  PQ415024.1    11.52%    passed     59.80%
 731  MT789735.1     0.49%    passed     98.03%
 732  MK105981.1     0.57%    passed     96.35%
 733  MT791929.1     0.48%    passed     97.63%
 734  MN259114.1     0.64%    passed     91.04%
 735  KY385889.1     0.48%    passed     87.55%
 736  KX957756.1     0.50%    passed     90.74%
 737  KX957759.1     0.50%    passed     89.59%
 738  KX957757.1     0.50%    passed     95.70%
 739  KX957760.1     0.79%    passed     94.12%
 740  MN259117.1     0.64%    passed     87.74%
 741  MK105980.1     0.58%    passed     90.31%
 742  KY292526.1     0.49%    passed     96.14%
 743  KY385884.1     0.58%    passed     92.01%
 744  KY292525.1     0.49%    passed     96.04%
 745  MN365194.1     0.53%    passed     93.26%
 746  MN365196.1     0.53%    passed     93.81%
 747  MN259107.1     0.73%    passed     93.38%
 748  MN259108.1     0.69%    passed     93.99%
 749  KY385882.1     0.46%    passed     92.45%
 750  KY385886.1     0.91%    passed     93.99%
 751  KY385890.1     0.49%    passed     88.88%
 752  KX675261.1     0.48%    passed     91.06%
 753  KX675263.1     0.79%    passed     97.96%
 754  KY042026.1    10.86%    passed     65.90%
 755  MN259119.1     0.64%    passed     97.76%
 756  KX957758.1     0.49%    passed     93.90%
 757  KY385887.1     0.49%    passed     94.89%
 758  MN259115.1     0.64%    passed     91.30%
 759  MN259111.1     0.72%    passed     91.93%
 760  MN259113.1     0.64%    passed     92.74%
 761  KY385881.1     0.49%    passed     97.25%
 762  MN259118.1     0.67%    passed     93.31%
 763  KY385888.1     0.48%    passed     90.10%
 764  MN259112.1     0.65%    passed     94.43%
 765  MN259120.1     0.67%    passed     91.47%
 766  KX957762.1     0.84%    passed     95.65%
 767  KY385880.1     1.05%    passed     99.45%
 768  PQ415020.1    11.52%    passed     64.93%
 769  KX957755.1     0.87%    passed     92.80%
 770  PQ415021.1    11.52%    passed     62.52%
 771  PQ415022.1    11.52%    passed     61.81%
 772  MH341713.1     0.53%    passed     85.67%
 773  MH341717.1     0.53%    passed     92.60%
 774  MN259110.1     0.71%    passed     95.60%
 775  KY385885.1     0.57%    passed     94.30%
 776  MN173591.1     1.67%    passed     95.08%
 777  MT791932.1     0.48%    passed     95.66%
 778  KX957754.1     0.64%    passed     91.86%
 779  MT789734.1     0.48%    passed     84.69%
 780  MT789737.1     0.48%    passed     86.79%
 781  MT791930.1     0.48%    passed     85.78%
 782  KY385883.1     0.65%    passed     91.21%
 783  KY385892.1     0.57%    passed     85.95%
 784  KX957761.1     0.64%    passed     90.88%
 785  KY385891.1     0.73%    passed     96.56%
 786  MH341719.1     0.54%    passed     86.60%
 787  PQ415025.1    11.52%    passed     60.26%
 788  MZ824221.1     0.45%    passed     95.51%
 789  MN365195.1     0.54%    passed     97.54%
 790  MH341712.1     0.53%    passed     88.41%
 791  MG739632.1     4.10%    passed     97.38%
 792  MG739634.1     1.41%    passed     95.78%
 793  MG739635.1     1.09%    passed     94.29%
 794  KU982558.1     1.03%    passed     97.97%
 795  MG739636.1     2.62%    passed     98.47%
 796  MG739637.1     1.36%    passed     97.14%
 797  LC107898.1     2.32%    passed     97.98%
 798  LC107899.1     1.19%    passed     96.03%
 799  LC107901.1     3.49%    passed     99.20%
 800  LC107900.1     3.46%    passed     99.44%
 801  MG739633.1     1.56%    passed     86.70%
 802  KX789264.1     7.49%    passed     82.35%
 803  KX789267.1     7.49%    passed     84.29%
 804  KX789265.1     7.49%    passed     88.65%
 805  LC107896.1     1.19%    passed     94.30%
 806  MH341721.1     0.53%    passed     94.12%
 807  MH341718.1     0.53%    passed     99.21%
 808  KX789222.1     3.75%    passed     98.17%
 809  KX789223.1     3.75%    passed     98.56%
 810  KX789224.1     3.75%    passed     96.52%
 811  MH341720.1     0.53%    passed     96.82%
 812  MG739639.1     0.87%    passed     92.60%
 813  MH341714.1     0.53%    passed     91.55%
 814  MH341716.1     0.53%    passed     97.68%
 815  KU982559.1     1.03%    passed     94.06%
 816  KU982560.1     1.03%    passed     94.06%
 817  KX675262.1     0.67%    passed     98.34%
 818  MH341724.1     0.53%    passed     96.43%
 819  MH341722.1     0.53%    passed     95.59%
 820  MH341723.1     0.53%    passed     96.73%
 821  MH041323.1     0.48%    passed     95.40%
 822  MH041324.1     0.48%    passed     96.04%
 823  MH341725.1     0.53%    passed     83.72%
 824  MH341715.1     0.53%    passed     96.62%
 825  MK419051.1     1.22%    passed     94.84%
 826  MH341711.1     0.53%    passed     97.08%
 827  MG739638.1     7.79%    passed     74.35%
 828  MK419053.1     0.99%    passed     98.41%
 829  MK419064.1     0.77%    passed     97.06%
 830  MT789745.1     2.08%    passed     99.09%
 831  MT789746.1     0.48%    passed     99.79%
 832  MK105985.1     0.57%    passed     99.57%
 833  MT789747.1     0.48%    passed     98.65%
 834  MK105983.1     1.17%    passed     99.88%
 835  MK105988.1     0.57%    passed     98.08%
 836  MK105984.1     0.57%    passed     97.18%
 837  MN245416.1     2.55%    passed     99.41%
 838  MN245431.1     2.54%    passed     98.50%
 839  MN245402.1     2.57%    passed     99.34%
 840  MN245426.1     2.55%    passed     99.76%
 841  MN245428.1     2.55%    passed     99.74%
 842  MK419061.1     0.67%    passed     99.79%
 843  MK419073.1     0.53%    passed     96.84%
 844  MN245410.1     2.55%    passed     99.52%
 845  MN245435.1     2.57%    passed     99.08%
 846  MN245438.1     2.57%    passed     99.49%
 847  MN245443.1     2.57%    passed     99.25%
 848  MN245419.1     2.55%    passed     97.45%
 849  MW697454.1     1.49%    passed     98.75%
 850  KT280500.1     0.49%    passed     97.32%
 851  KT803592.1     4.66%    passed     99.50%
 852  KT803598.1     4.66%    passed     99.08%
 853  KY767822.1     0.48%    passed     95.93%
 854  KT711088.1     0.52%    passed     97.79%
 855  KT280498.1     0.49%    passed     96.63%
 856  KT803594.1     4.66%    passed     96.87%
 857  KT803596.1     4.66%    passed     96.59%
 858  KP114664.1     6.31%    passed     96.72%
 859  KT803599.1     4.66%    passed     97.62%
 860  KT280497.1     0.49%    passed     94.55%
 861  KT711087.1     0.52%    passed     99.60%
 862  KT803600.1     4.66%    passed     98.79%
 863  KT285485.1     0.48%    passed     98.07%
 864  KP240936.1     0.49%    passed     98.26%
 865  KT280496.1     0.49%    passed     97.88%
 866  KT711086.1     0.52%    passed     98.90%
 867  MF045415.2     1.89%    passed     93.13%
 868  KU982561.1     1.03%    passed     99.29%
 869  KT803590.1     4.66%    passed     93.33%
 870  KT803593.1     4.66%    passed     97.66%
 871  KT803595.1     4.66%    passed     99.00%
 872  KT803597.1     4.66%    passed     96.89%
 873  KT803591.1     4.66%    passed     98.89%
 874  KT280499.1     0.49%    passed     98.02%
 875  MF045422.2     4.90%    passed     98.42%
 876  KT711078.1     0.48%    passed     98.87%
 877  KT711083.1     0.52%    passed     99.05%
 878  KT711079.1     0.52%    passed     99.04%
 879  KT711082.1     0.52%    passed     98.77%
 880  KT711081.1     0.52%    passed     99.44%
 881  KT711085.1     0.52%    passed     98.82%
 882  KT711084.1     0.52%    passed     99.37%
 883  KT711080.1     0.52%    passed     98.06%
 884  MF045413.2     2.00%    passed     95.76%
 885  MF045418.2     2.96%    passed     91.04%
 886  MF045414.2     2.59%    passed     99.78%
 887  MF045416.2     2.96%    passed     95.96%
 888  KX789266.1     7.49%    passed     80.23%
 889  LC107895.1     1.19%    passed     99.54%
 890  LC107897.1     1.19%    passed     99.52%
 891  MF045417.2     5.17%    passed     97.17%
 892  PQ238557.1     0.54%    passed     98.87%
 893  PQ238558.1     0.52%    passed     98.83%
 894  MW664343.1     1.55%    passed     95.51%
 895  MW664346.1     1.55%    passed     99.28%
 896  MW664344.1     1.55%    passed     95.04%
 897  MW664345.1     1.55%    passed     97.13%
 898  MN245418.1     2.62%    passed     94.91%
 899  MN245425.1     2.55%    passed     96.91%
 900  MN245444.1     2.57%    passed     90.44%
 901  MN245448.1     2.55%    passed     93.55%
 902  MT789739.1     0.48%    passed     98.36%
 903  MT789748.1     0.48%    passed     96.98%
 904  MN245409.1     2.55%    passed     93.79%
 905  MN245414.1     2.55%    passed     95.44%
 906  MN245423.1     2.55%    passed     97.45%
 907  MN245412.1     2.55%    passed     93.37%
 908  MN245417.1     2.55%    passed     95.51%
 909  MN245441.1     2.57%    passed     94.63%
 910  MN245415.1     2.57%    passed     88.37%
 911  MN245396.1     2.58%    passed     93.02%
 912  MN245397.1     2.58%    passed     91.80%
 913  MN245404.1     2.52%    passed     91.62%
 914  MT789741.1     0.48%    passed     97.53%
 915  MT789744.1     0.48%    passed     98.94%
 916  MT789743.1     0.48%    passed     96.89%
 917  MN245447.1     2.57%    passed     94.99%
 918  MT789738.1     0.48%    passed     97.08%
 919  MT789740.1     0.49%    passed     97.05%
 920  MN245400.1     2.63%    passed     89.31%
 921  OK085435.1    10.87%    passed     61.99%
 922  MZ824224.1     0.50%    passed     98.07%
 923  MN245446.1     2.62%    passed     92.92%
 924  OQ259308.1     2.24%    passed     99.74%
 925  MN726800.1     0.50%    passed     98.30%
 926  MN935870.1     2.55%    passed     96.47%
 927  MH330334.1     0.68%    passed     98.26%
 928  MH733832.1     1.45%    passed     83.00%
 929  OQ126958.1     1.63%    passed     98.39%
 930  OQ126959.1     1.64%    passed     99.43%
 931  PQ415018.1    11.57%    passed     68.70%
 932  OQ126960.1     1.94%    passed     87.56%
 933  OP267497.1     0.53%    passed     88.28%
 934  OP267511.1     0.53%    passed     82.23%
 935  OP267515.1     0.53%    passed     83.22%
 936  OP267522.1     0.53%    passed     88.25%
 937  OP267516.1     0.53%    passed     89.87%
 938  OP267495.1     0.54%    passed     85.14%
 939  OP267521.1     0.53%    passed     85.32%
 940  OP267496.1     1.90%    passed     81.84%
 941  OP267520.1     1.90%    passed     86.24%
 942  OQ127003.1     1.59%    passed     94.11%
 943  OP267498.1     0.53%    passed     94.41%
 944  OP267499.1     0.53%    passed     92.89%
 945  PQ766585.1     0.46%    passed     95.09%
 946  OQ451882.1     0.81%    passed     91.30%
 947  KX789261.1     7.49%    passed     66.78%
 948  PQ238611.1     1.13%    passed     93.99%
 949  MT791927.1     0.49%    passed     93.07%
 950  KP455286.1    10.86%    passed     44.78%
 951  KT995537.1     1.07%    passed     81.33%
 952  KX261825.1     1.17%    passed     87.14%
 953  KP745768.1     1.06%    passed     86.73%
 954  KP745769.1     2.01%    passed     81.11%
 955  KU844181.1     0.52%    passed     84.15%
 956  KT455422.1     6.68%    passed     43.81%
 957  KT455429.1     6.62%    passed     42.34%
 958  KP455287.1    10.86%    passed     53.89%
 959  KX255394.1     1.17%    passed     88.72%
 960  KP455285.1    10.86%    passed     44.87%
 961  KT995561.1     1.02%    passed     92.32%
 962  KT995588.1     1.02%    passed     92.87%
 963  KT995601.1     1.02%    passed     93.21%
 964  KU669039.1     1.22%    passed     97.62%
 965  KT995555.1     1.02%    passed     92.97%
 966  KU669048.1     1.36%    passed     92.61%
 967  KP114665.1     6.26%    passed     82.03%
 968  KM851229.1     6.56%    passed     53.43%
 969  KM851230.1     6.60%    passed     65.55%
 970  KP455281.1    10.86%    passed     50.28%
 971  KP455282.1    10.87%    passed     54.81%
 972  KP455283.1    10.86%    passed     51.04%
 973  KP455284.1    10.86%    passed     50.50%
 974  MF045419.2     2.24%    passed     89.80%
 975  MF045420.2    10.45%    passed     94.55%
 976  KX433164.1     1.13%    passed     97.23%
 977  KX255401.1     1.13%    passed     95.10%
 978  KT231897.1     4.90%    passed     76.69%
 979  KT231898.1     1.03%    passed     87.83%
 980  KT231901.1     4.19%    passed     84.35%
 981  KT231902.1     1.03%    passed     87.15%
 982  KT318494.1     0.52%    passed     95.92%
 983  KX789260.1     3.46%    passed     98.62%
 984  MK681489.1     0.52%    passed     99.53%
 985  MK681496.1     0.52%    passed     99.59%
 986  MK681494.1     0.61%    passed     99.80%
 987  MK681495.1     0.60%    passed     99.48%
 988  MK681503.1     0.58%    passed     99.75%
 989  MK681501.1     0.72%    passed     99.71%
 990  MK681498.1     0.80%    passed     98.41%
 991  KU509997.1     0.48%    passed     99.84%
 992  KP745764.1     0.48%    passed     99.77%
 993  KP745766.1     0.48%    passed     99.15%
 994  KP100796.1     2.97%    passed     97.97%
 995  KP100792.1     4.66%    passed     95.58%
 996  KP100795.1     1.09%    passed     99.77%
 997  MK681490.1     0.57%    passed     98.98%
 998  KX433161.1     1.13%    passed     98.19%
 999  KX255407.1     1.13%    passed     98.19%
1000  KX433167.1     1.15%    passed     98.12%
1001  MK681493.1     0.54%    passed     99.71%
1002  KP455272.1    10.87%    passed     47.97%
1003  KT995551.1     1.03%    passed     98.93%
1004  KT995559.1     1.03%    passed     98.88%
1005  KT995560.1     1.03%    passed     98.93%
1006  KT995573.1     1.03%    passed     97.50%
1007  KT995614.1     1.03%    passed     98.18%
1008  KT995530.1     1.03%    passed     98.66%
1009  KT995553.1     1.03%    passed     97.59%
1010  KT995629.1     1.03%    passed     99.47%
1011  KT995533.1     1.03%    passed     97.30%
1012  KT995536.1     1.03%    passed     97.44%
1013  KT995571.1     1.03%    passed     99.08%
1014  KT995609.1     1.03%    passed     98.34%
1015  KT995616.1     1.03%    passed     99.22%
1016  KT995556.1     1.03%    passed     99.06%
1017  KT995595.1     1.03%    passed     98.91%
1018  KT995579.1     1.03%    passed     96.15%
1019  KU669047.1     1.03%    passed     98.56%
1020  KT995620.1     1.03%    passed     99.46%
1021  KT995619.1     1.03%    passed     98.80%
1022  KT995566.1     1.03%    passed     98.71%
1023  KT995582.1     1.03%    passed     99.12%
1024  KT995585.1     1.03%    passed     99.74%
1025  KT995608.1     1.03%    passed     99.20%
1026  KT995580.1     1.03%    passed     98.40%
1027  KT995624.1     1.03%    passed     98.88%
1028  KT995596.1     1.03%    passed     99.42%
1029  KT995563.1     1.03%    passed     98.54%
1030  KT995606.1     1.03%    passed     97.78%
1031  KP745761.1     0.58%    passed     99.89%
1032  KT995593.1     1.03%    passed     98.88%
1033  KT995607.1     1.03%    passed     99.46%
1034  KT995591.1     1.03%    passed     98.54%
1035  KT995568.1     1.03%    passed     99.46%
1036  KT995540.1     1.03%    passed     99.34%
1037  KP455267.1    10.86%    passed     49.67%
1038  KP455268.1    10.89%    passed     49.13%
1039  KP455269.1    10.86%    passed     47.36%
1040  KP455270.1    10.86%    passed     48.28%
1041  KP126911.1     1.40%    passed     98.75%
1042  KP100793.1     1.40%    passed     98.75%
1043  KU669046.1     1.03%    passed     97.68%
1044  KT995564.1     1.03%    passed     98.88%
1045  KT995598.1     1.03%    passed     98.37%
1046  KT995531.1     1.03%    passed     98.71%
1047  KT995590.1     1.03%    passed     98.11%
1048  KT995543.1     1.03%    passed     99.72%
1049  KT347229.1     1.13%    passed     98.09%
1050  KT347235.1     1.13%    passed     97.93%
1051  KT347266.1     1.13%    passed     97.93%
1052  KT347243.1     1.13%    passed     98.14%
1053  KT347234.1     1.13%    passed     99.35%
1054  KT347277.1     1.13%    passed     99.00%
1055  KT347232.1     1.13%    passed     98.78%
1056  KT347256.1     1.13%    passed     99.10%
1057  KT347262.1     1.13%    passed     98.41%
1058  KT347230.1     1.13%    passed     99.32%
1059  KT347270.1     1.13%    passed     99.30%
1060  KT347246.1     1.13%    passed     99.48%
1061  KT995612.1     1.03%    passed     98.76%
1062  KT995581.1     1.02%    passed     98.92%
1063  KP455274.1    10.86%    passed     47.69%
1064  KT995600.1     1.03%    passed     98.89%
1065  KT995618.1     1.03%    passed     99.32%
1066  KT995622.1     1.03%    passed     98.24%
1067  KT995603.1     1.03%    passed     97.83%
1068  KU669044.1     1.03%    passed     99.24%
1069  KT995558.1     1.03%    passed     99.59%
1070  KT995577.1     1.03%    passed     98.65%
1071  KT995578.1     1.03%    passed     97.47%
1072  KT347244.1     1.13%    passed     97.89%
1073  KX255395.1     1.13%    passed     99.32%
1074  KX255413.1     1.13%    passed     99.32%
1075  KT347226.1     1.13%    passed     97.97%
1076  KT347242.1     1.13%    passed     98.53%
1077  KT347272.1     1.13%    passed     98.47%
1078  KT347250.1     1.13%    passed     98.52%
1079  KT347255.1     1.13%    passed     99.36%
1080  KT347237.1     1.13%    passed     97.75%
1081  KT347227.1     1.13%    passed     97.03%
1082  KT347248.1     1.13%    passed     98.07%
1083  KT347257.1     1.13%    passed     99.00%
1084  KT347241.1     1.13%    passed     99.16%
1085  KT347238.1     1.13%    passed     98.83%
1086  KT347273.1     1.13%    passed     98.95%
1087  KT995570.1     1.03%    passed     96.50%
1088  KT347224.1     1.13%    passed     97.36%
1089  KT347236.1     1.13%    passed     98.79%
1090  KT347279.1     1.13%    passed     98.24%
1091  KT995532.1     1.03%    passed     98.22%
1092  KT995605.1     1.03%    passed     97.57%
1093  KT995546.1     1.03%    passed     98.69%
1094  KT995569.1     1.03%    passed     98.84%
1095  KT995583.1     1.03%    passed     96.55%
1096  KT995554.1     1.03%    passed     99.83%
1097  KT995592.1     1.03%    passed     99.51%
1098  KT995611.1     1.03%    passed     99.39%
1099  KT347228.1     1.13%    passed     97.36%
1100  KT347261.1     1.13%    passed     98.64%
1101  KT995572.1     1.03%    passed     99.60%
1102  KP455264.1    10.86%    passed     55.22%
1103  KT347249.1     1.13%    passed     98.83%
1104  KT347251.1     1.13%    passed     99.26%
1105  KT347253.1     1.13%    passed     98.67%
1106  KT347263.1     1.13%    passed     98.93%
1107  KM881710.2     0.98%    passed     99.24%
1108  KM851225.1     0.50%    passed     99.30%
1109  KT347260.1     1.13%    passed     99.55%
1110  KT347239.1     1.13%    passed     99.35%
1111  KT347240.1     1.13%    passed     97.42%
1112  KP455277.1    10.86%    passed     48.83%
1113  KT995535.1     1.03%    passed     99.64%
1114  KT995550.1     1.03%    passed     99.50%
1115  KT995599.1     1.03%    passed     99.45%
1116  KT995625.1     1.03%    passed     98.83%
1117  KT347223.1     1.13%    passed     96.49%
1118  KT347259.1     1.13%    passed     98.28%
1119  KT347274.1     1.13%    passed     99.01%
1120  KX255364.1     1.13%    passed     98.98%
1121  KX255373.1     1.13%    passed     98.98%
1122  KT347271.1     1.13%    passed     99.01%
1123  KT347225.1     1.13%    passed     98.56%
1124  KT347268.1     1.13%    passed     98.56%
1125  KT995541.1     1.03%    passed     99.84%
1126  KT347264.1     1.13%    passed     99.76%
1127  KP114662.1     5.89%    passed     86.72%
1128  KT995534.1     1.03%    passed     99.00%
1129  KT995602.1     1.03%    passed     96.85%
1130  KT995584.1     1.03%    passed     97.13%
1131  KT995623.1     1.03%    passed     97.98%
1132  KT995594.1     1.03%    passed     99.34%
1133  KP455265.1    10.86%    passed     53.41%
1134  KT835407.1     1.03%    passed     99.31%
1135  KP455266.1    10.86%    passed     46.33%
1136  KT995552.1     1.03%    passed     99.47%
1137  KT995617.1     1.03%    passed     99.44%
1138  KT347276.1     1.13%    passed     99.44%
1139  KT995597.1     1.05%    passed     99.77%
1140  KT995615.1     1.03%    passed     99.42%
1141  KT995627.1     1.03%    passed     99.42%
1142  KP745751.1     0.49%    passed     99.85%
1143  KP745754.1     0.81%    passed     99.78%
1144  KP745757.1     0.49%    passed     99.30%
1145  KP745770.1     0.81%    passed     99.95%
1146  KT995586.1     1.56%    passed     99.63%
1147  KT995549.1     1.03%    passed     97.03%
1148  KT995576.1     1.03%    passed     99.28%
1149  KU669042.1     1.30%    passed     99.27%
1150  KX255382.1     1.13%    passed     98.81%
1151  MH708882.1     0.79%    passed     99.70%
1152  KM851227.1     0.79%    passed     99.93%
1153  KT347231.1     5.71%    passed     75.33%
1154  KM851228.1     1.03%    passed     99.31%
1155  KP455273.1    10.86%    passed     54.17%
1156  KT455421.2     6.57%    passed     59.05%
1157  KT455428.1     6.65%    passed     63.82%
1158  KT455430.1     6.64%    passed     65.20%
1159  KT455425.1     6.62%    passed     58.64%
1160  KT455424.1     6.57%    passed     67.46%
1161  KT455426.1     6.57%    passed     68.31%
1162  KT266905.1     0.49%    passed     99.71%
1163  KP745755.1     0.49%    passed     99.69%
1164  KP745760.1     0.49%    passed     96.99%
1165  KT995626.1     1.03%    passed     99.51%
1166  KT347265.1     1.13%    passed     99.55%
1167  KT803995.1     0.64%    passed     99.30%
1168  KP745758.1     1.52%    passed     97.37%
1169  KP745759.1     0.58%    passed     99.74%
1170  KT347269.1     1.13%    passed     99.81%
1171  MK681491.1     0.61%    passed     99.19%
1172  KT347245.1     1.13%    passed     99.43%
1173  KT347267.1     1.13%    passed     99.22%
1174  MK681502.1     0.61%    passed     98.64%
1175  MK681497.1     0.61%    passed     99.45%
1176  KP455275.1    10.86%    passed     46.78%
1177  KT995610.1     1.03%    passed     99.33%
1178  KT995621.1     1.03%    passed     98.40%
1179  KP745765.1     0.98%    passed     98.73%
1180  MK681492.1     0.50%    passed     98.60%
1181  KP455276.1    10.86%    passed     44.44%
1182  KT995567.1     1.03%    passed     97.44%
1183  MK681500.1     0.67%    passed     99.37%
1184  KU669040.1     1.03%    passed     98.43%
1185  KT995613.1     1.03%    passed     98.48%
1186  MK681499.1     0.62%    passed     99.90%
1187  MK681504.1     0.72%    passed     97.94%
1188  MK681505.1     0.72%    passed     97.94%
1189  KX255389.1     1.15%    passed     97.21%
1190  KP745753.1     1.14%    passed     99.58%
1191  KP745762.1     1.34%    passed     98.58%
1192  KT995565.1     1.06%    passed     99.90%
1193  KT995575.1     1.03%    passed     99.42%
1194  KP745752.1     1.07%    passed     99.11%
1195  KP745763.1     0.81%    passed     99.70%
1196  KT995589.1     1.03%    passed     99.56%
1197  KX255367.1     1.13%    passed     99.93%
1198  KP455271.1    10.86%    passed     54.47%
1199  KT455423.1     6.69%    passed     72.21%
1200  MK268345.1     1.03%    passed     97.36%
1201  KM851226.1     2.08%    passed     95.10%
1202  KY767820.1     0.48%    passed     99.73%
1203  KT285320.1     0.49%    passed     99.85%
1204  KX255356.1     1.13%    passed     99.46%
1205  KX255399.1     1.13%    passed     99.94%
1206  KX255370.1     1.13%    passed     99.84%
1207  KX255377.1     1.13%    passed     99.97%
1208  KX255414.1     1.13%    passed     99.98%
1209  KX255365.1     1.13%    passed     98.79%
1210  KX433156.1     5.80%    passed     96.89%
1211  KX433165.1     1.15%    passed     99.64%
1212  KX255387.1     1.13%    passed     99.66%
1213  KX255398.1     1.13%    passed     99.66%
1214  KX255368.1     1.13%    passed     99.89%
1215  KX255384.1     1.13%    passed     99.96%
1216  KX255406.1     1.13%    passed     99.96%
1217  KX255383.1     1.13%    passed     99.99%
1218  KX255375.1     1.13%    passed     99.41%
1219  KP455278.1    10.86%    passed     41.03%
1220  KT825142.1     0.64%    passed     99.20%
1221  KP455279.1    10.86%    passed     57.33%
1222  KT995548.1     1.03%    passed     99.81%
1223  KX255352.1     1.13%    passed     99.95%
1224  KX255415.1     1.13%    passed     99.95%
1225  KX255354.1     1.13%    passed     99.36%
1226  KX255385.1     1.13%    passed     99.41%
1227  KX255362.1     1.13%    passed     99.96%
1228  KX255390.1     1.13%    passed     99.96%
1229  KX255403.1     1.13%    passed     99.96%
1230  KX255378.1     1.13%    passed     99.80%
1231  KX255379.1     1.13%    passed     99.80%
1232  KX255411.1     1.13%    passed     99.85%
1233  KT835408.1     1.03%    passed     99.34%
1234  KU669043.1     1.03%    passed     99.97%
1235  KT995547.1     1.03%    passed     99.98%
1236  KT995557.1     1.03%    passed     99.89%
1237  KT995604.1     1.03%    passed     99.39%
1238  KT347275.1     1.13%    passed     99.94%
1239  KU669045.1     1.03%    passed     99.90%
1240  KT995539.1     1.03%    passed    100.00%
1241  KT995574.1     1.03%    passed    100.00%
1242  KP745767.1     0.64%    passed     99.84%
1243  KP745756.1     0.83%    passed     99.97%
1244  KP100794.1     0.72%    passed     99.96%
1245  KT995538.1     1.03%    passed     99.83%
1246  KT995542.1     1.03%    passed     98.41%
1247  KT995545.1     1.03%    passed     97.28%
1248  KT347233.1     1.13%    passed     99.97%
1249  KT347278.1     1.13%    passed     99.88%
1250  KT347252.1     1.13%    passed     99.98%
1251  KT347254.1     1.13%    passed     97.76%
1252  KT347258.1     1.13%    passed     99.75%
1253  KP114663.1     7.17%    passed     94.89%
1254  KT995628.1     1.03%    passed     99.12%
1255  KP455280.1    10.86%    passed     57.46%
1256  KT995544.1     1.03%    passed     99.86%
1257  KT995562.1     1.03%    passed     98.17%
1258  KT995587.1     1.03%    passed     99.96%
1259  KU844180.1     0.48%    passed     99.57%
1260  KT347247.1     1.13%    passed     97.54%
1261  KT455427.1     6.95%    passed     51.92%
1262  KT280503.1     0.49%    passed     97.68%
1263  KT280504.1     0.49%    passed     96.00%
1264  KM892501.1     0.50%    passed     99.95%
1265  KT803589.1     4.66%    passed     97.17%
1266  KM892499.1    12.60%    passed     77.08%
1267  PV018745.1     2.78%    passed     94.82%
1268  OQ791519.1     0.52%    passed     74.39%
1269  MN240504.1     0.49%    passed     71.86%
1270  MN240513.1     0.49%    passed     74.73%
1271  KX255371.1     1.14%    passed     67.54%
1272  MN240514.1     0.49%    passed     72.62%
1273  KX261793.1     1.14%    passed     76.81%
1274  KX261814.1     1.14%    passed     78.68%
1275  KX255366.1     1.15%    passed     73.65%
1276  KX261797.1     1.14%    passed     78.81%
1277  KX261805.1     1.14%    passed     78.92%
1278  KX261811.1     1.14%    passed     81.87%
1279  KX261810.1     1.36%    passed     64.75%
1280  KX255402.1     1.14%    passed     60.06%
1281  KX261813.1     1.14%    passed     62.32%
1282  KX261815.1     1.14%    passed     59.72%
1283  KX261820.1     1.14%    passed     60.79%
1284  KX261795.1     1.14%    passed     53.67%
1285  KX261803.1     1.14%    passed     54.88%
1286  KX261798.1     1.14%    passed     58.91%
1287  KX261802.1     1.14%    passed     61.67%
1288  KX261794.1     1.14%    passed     63.43%
1289  KX261807.1     1.14%    passed     63.43%
1290  KX261818.1     1.14%    passed     63.43%
1291  KX261801.1     1.14%    passed     68.81%
1292  KX261809.1     1.14%    passed     69.14%
1293  KX261819.1     1.14%    passed     69.14%
1294  KX261812.1     1.14%    passed     64.09%
1295  KX261800.1     1.14%    passed     69.14%
1296  KX261808.1     1.14%    passed     59.99%
1297  KX261796.1     1.28%    passed     64.95%
1298  KX261821.1     1.14%    passed     81.15%
1299  KX261823.1     1.14%    passed     70.35%
1300  KX261826.1     1.14%    passed     72.49%
1301  KP455288.1    10.86%    passed     47.75%
1302  KX255408.1     1.14%    passed     64.09%
1303  KX261799.1     1.14%    passed     78.28%
1304  KX261817.1     1.14%    passed     78.69%
1305  KX261806.1     1.14%    passed     78.85%
1306  KX261822.1     1.14%    passed     80.41%
1307  KX261816.1     1.14%    passed     80.81%
1308  AB601885.1     8.19%    passed     80.76%
1309  AB601882.2     0.49%    passed     79.07%
1310  AB601883.2     0.50%    passed     88.86%
1311  AB601884.1     8.19%    passed     82.95%
1312  MN240517.1     0.58%    passed     76.03%
1313  MN240497.1     0.48%    passed     87.73%
1314  KX433166.1     1.13%    passed     91.02%
1315  KX255353.1     1.13%    passed     91.48%
1316  KX255405.1     1.13%    passed     88.97%
1317  KX255357.1     1.13%    passed     92.14%
1318  KX255391.1     1.13%    passed     91.59%
1319  MN240498.1     0.48%    passed     96.96%
1320  MN240500.1     0.48%    passed     97.52%
1321  KX384960.1     2.27%    passed     84.80%
1322  MN240502.1     0.48%    passed     96.31%
1323  MN240511.1     0.48%    passed     98.01%
1324  MN240509.1     0.48%    passed     97.56%
1325  KX255372.1     1.13%    passed     91.37%
1326  KX255388.1     1.13%    passed     94.56%
1327  KX255410.1     1.13%    passed     96.39%
1328  KX255400.1     1.13%    passed     89.21%
1329  KX255412.1     1.13%    passed     92.51%
1330  KX255393.1     1.13%    passed     87.45%
1331  KX255397.1     1.13%    passed     91.75%
1332  KP455289.1    10.86%    passed     62.95%
1333  KT231903.1     3.72%    passed     97.86%
1334  KP455261.1    10.86%    passed     64.34%
1335  EF107098.1     0.49%    passed     97.57%
1336  KP455262.1    10.86%    passed     52.77%
1337  KP455263.1    10.86%    passed     35.75%
1338  KT285484.1     0.48%    passed     98.62%
1339  PV418226.1     2.63%    passed     91.04%
1340  PV178657.1     1.28%    passed     94.72%
1341  PQ426629.1    11.54%    passed     54.30%
1342  PQ426636.1    11.54%    passed     54.27%
1343  PQ426637.1    11.54%    passed     60.69%
1344  PQ426630.1    11.86%    passed     60.60%
1345  PQ426631.1    12.19%    passed     47.25%
1346  PQ426632.1    11.54%    passed     53.49%
1347  PQ426641.1    12.15%    passed     46.62%
1348  PQ426639.1    11.54%    passed     43.29%
1349  PQ426638.1    12.15%    passed     55.14%
1350  PQ426640.1    11.57%    passed     50.95%
1351  PQ426634.1    11.54%    passed     48.03%
1352  PQ426635.1    11.80%    passed     53.75%
1353  PQ426633.1    11.54%    passed     52.40%
1354  PQ426643.1    11.61%    passed     52.67%
1355  PQ426644.1    11.61%    passed     51.80%
1356  PQ426648.1    11.55%    passed     57.55%
1357  PQ426653.1    11.55%    passed     57.89%
1358  PQ426654.1    11.89%    passed     52.32%
1359  PQ426649.1    11.62%    passed     47.07%
1360  PQ426645.1    11.57%    passed     51.02%
1361  PQ426646.1    11.58%    passed     52.11%
1362  PQ426652.1    11.61%    passed     53.49%
1363  PQ426647.1    11.54%    passed     51.38%
1364  PV178309.1     0.79%    passed     94.66%
1365  PV178525.1     1.28%    passed     94.78%
1366  PV178361.1     0.52%    passed     94.46%
1367  PQ895337.1     0.35%    passed     93.07%
1368  PQ766584.1     0.35%    passed     96.50%
1369  OQ127002.1     1.52%    passed     93.25%
1370  PQ238713.1     0.62%    passed     98.73%
1371  PQ238714.1     0.96%    passed     97.40%
1372  PQ238715.1     0.39%    passed     98.09%
1373  PQ238716.1     0.43%    passed     99.63%
1374  PP157595.1     0.35%    passed     99.69%
1375  PP157596.1     0.35%    passed     98.67%
1376  OR230418.1     0.35%    passed     99.64%
1377  OR230421.1     0.35%    passed     99.74%
1378  OR230419.1     0.35%    passed     98.30%
1379  OR230420.1     0.35%    passed     99.10%
1380  OR230416.1     0.35%    passed     98.85%
1381  OR230425.1     1.18%    passed     99.78%
1382  OR230427.1     0.35%    passed     99.16%
1383  OR230426.1     0.35%    passed     98.06%
1384  OR230424.1     0.90%    passed     99.96%
1385  OR230422.1     0.88%    passed     99.88%
1386  OR230428.1     0.35%    passed     99.50%
1387  OR230429.1     0.91%    passed     99.97%
1388  MN726801.1     0.38%    passed     99.73%
1389  MW697455.1     0.94%    passed     95.17%
1390  MK105986.1     0.94%    passed     98.55%
1391  PP025331.1     1.62%    passed     93.64%
1392  OR833055.1     0.53%    passed     93.20%
1393  OR833015.1     0.62%    passed     92.68%
1394  OR833014.1     2.81%    passed     97.40%
1395  OR833023.1     1.47%    passed     97.80%
1396  OR833032.1     0.90%    passed     93.47%
1397  OR833048.1     4.60%    passed     92.49%
1398  OR230417.1     0.35%    passed     93.56%
1399  OR230423.1     0.35%    passed     96.90%
1400  PP548245.1     0.49%    passed     71.39%
1401  PP548248.1     0.86%    passed     78.92%
1402  PP947793.1     0.49%    passed     72.67%
1403  PP947799.1     1.86%    passed     78.91%
1404  PP947800.1     3.58%    passed     60.83%
1405  OR656579.1     3.72%    passed     86.15%
1406  PQ766595.1     0.35%    passed     93.16%
1407  OQ139574.1     1.52%    passed     76.01%
1408  PQ415014.1    11.55%    passed     63.44%
1409  OK085434.1    10.91%    passed     59.97%
1410  MT789749.1     0.35%    passed     86.88%
1411  MT789750.1     0.35%    passed     91.51%
1412  MN245406.1     2.43%    passed     97.51%
1413  MT789752.1     0.98%    passed     96.42%
1414  MT789753.1     1.95%    passed     99.03%
1415  MT789754.1     1.95%    passed     96.86%
1416  MK419079.1     1.19%    passed     96.04%
1417  MK419039.1     0.62%    passed     90.92%
1418  MK419057.1     1.57%    passed     87.59%
1419  MK419063.1     0.39%    passed     93.24%
1420  MK419069.1     1.28%    passed     97.91%
1421  MN245420.1     2.43%    passed     94.69%
1422  MN245429.1     2.43%    passed     96.15%
1423  MN245433.1     2.43%    passed     97.63%
1424  MN245422.1     2.43%    passed     95.65%
1425  MN245424.1     2.43%    passed     97.94%
1426  MN245432.1     2.39%    passed     89.65%
1427  MK419062.1     1.52%    passed     93.83%
1428  MK419075.1     1.59%    passed     95.72%
1429  MK419066.1     0.77%    passed     96.37%
1430  MK105987.1     0.45%    passed     91.42%
1431  MK105989.1     0.45%    passed     89.53%
1432  MK419060.1     0.88%    passed     98.96%
1433  PQ415015.1    11.88%    passed     60.48%
1434  MW567157.1     0.38%    passed     95.71%
1435  MW567160.1     0.37%    passed     97.96%
1436  MW567158.1     0.37%    passed     98.72%
1437  MW567159.1     0.37%    passed     95.91%
1438  MW567162.1     3.50%    passed     98.27%
1439  LC629445.1     0.56%    passed     97.53%
1440  LC629446.1     0.67%    passed     96.89%
1441  LC629447.1     0.56%    passed     95.00%
1442  MH341726.1     0.39%    passed     97.04%
1443  MH341727.1     0.39%    passed     97.04%
1444  MH341729.1     0.39%    passed     96.19%
1445  MH341728.1     0.39%    passed     98.64%
1446  MH341733.1     0.39%    passed     97.84%
1447  MH341730.1     0.39%    passed     83.89%
1448  MH341731.1     0.39%    passed     87.52%
1449  MH341732.1     0.39%    passed     89.77%
1450  MH341734.1     0.39%    passed     94.42%
1451  MT789751.1     0.35%    passed     94.50%
1452  MN245398.1     2.44%    passed     98.91%
1453  MN245434.1     2.43%    passed     97.23%
1454  MN245407.1     2.43%    passed     97.35%
1455  MN245439.1     2.43%    passed     95.77%
1456  MN245413.1     2.43%    passed     99.54%
1457  MN245421.1     2.43%    passed     99.25%
1458  MN245440.1     2.50%    passed     97.54%
1459  MN245427.1     2.43%    passed     99.84%
1460  MN245399.1     2.44%    passed     96.12%
1461  MN245436.1     2.44%    passed     99.10%
1462  MN245408.1     2.43%    passed     97.85%
1463  MN245411.1     2.43%    passed     99.21%
1464  MK419078.1     0.83%    passed     98.89%
1465  MN245437.1     2.48%    passed     99.92%
1466  MK419077.1     0.42%    passed     97.87%
1467  MN726798.1     0.37%    passed     94.15%
1468  MT789755.1     1.95%    passed     99.79%
1469  LC629448.1     0.41%    passed     97.89%
1470  LC629449.1     0.39%    passed     98.99%
1471  LC629450.1     0.39%    passed     99.56%
1472  MN245442.1     2.46%    passed     99.58%
1473  MG757146.1     1.03%    passed     94.35%
1474  PQ238719.1     0.38%    passed     96.56%
1475  MN245430.1     2.43%    passed     99.35%
1476  MW567161.1     0.37%    passed     98.50%
1477  OQ285849.1     2.00%    passed     99.34%
1478  PQ238712.1     0.41%    passed     94.94%
1479  LC629438.1     0.38%    passed     97.31%
1480  MK105978.1     0.95%    passed     96.70%
1481  MK105982.1     0.71%    passed     93.28%
1482  KY767821.1     0.35%    passed     98.40%
1483  KT764078.1     0.35%    passed     92.24%
1484  KU242684.1    13.22%    passed     74.56%
1485  KT280502.1     0.35%    passed     83.42%
1486  KT280501.1     0.35%    passed     87.84%
1487  KT285319.1     0.37%    passed     98.85%
1488  KT306743.1     0.37%    passed     99.19%
1489  KT803588.1     4.53%    passed     87.01%
1490  LC629439.1     0.39%    passed     86.61%
1491  LC629441.1     0.41%    passed     88.35%
1492  LC629440.1     0.64%    passed     82.31%
1493  KM851231.1     0.35%    passed     78.58%
1494  MK105976.1     0.96%    passed     91.63%
1495  MK105977.1     0.48%    passed     94.55%
1496  MK105979.1     0.45%    passed     96.67%
1497  MT791934.1     0.35%    passed     97.82%
1498  PQ415016.1    11.52%    passed     72.87%
1499  PQ415017.1    11.52%    passed     69.50%
1500  PQ238717.1     0.45%    passed     95.59%
1501  PQ238721.1     0.42%    passed     92.90%
1502  PQ238718.1     0.84%    passed     71.88%
1503  PQ238720.1     2.58%    passed     99.12%
1504  OQ791518.1     0.37%    passed     92.76%
1505  MN240518.1     0.37%    passed     91.44%
1506  MN240506.1     0.37%    passed     97.57%
1507  MN240519.1     0.37%    passed     96.33%
1508  KX255360.1     1.05%    passed     97.25%
1509  KX255374.1     1.05%    passed     97.25%
1510  KX255355.1     1.05%    passed     95.78%
1511  MN240505.1     0.37%    passed     89.73%
1512  MN240495.1     0.37%    passed     94.36%
1513  KX255409.1     1.05%    passed     90.48%
1514  KX261804.1     1.02%    passed     95.42%
1515  KX261824.1     1.02%    passed     88.65%
1516  JX070222.1     0.65%    passed     98.05%
1517  KP455257.1    10.90%    passed     66.10%
1518  KT231905.1     3.62%    passed     99.35%
1519  KT231907.1     3.61%    passed     99.63%
1520  KP455256.1    10.90%    passed     64.31%
1521  KP455259.1    10.90%    passed     71.24%
1522  KX255358.1     1.05%    passed     97.84%
1523  KX255369.1     1.05%    passed     97.49%
1524  KX255359.1     1.05%    passed     99.21%
1525  KX255396.1     1.05%    passed     99.21%
1526  KX255392.1     1.05%    passed     99.27%
1527  KX255380.1     1.05%    passed     99.07%
1528  KX255404.1     1.05%    passed     99.37%
1529  KX255381.1     1.05%    passed     97.57%
1530  KX255386.1     1.06%    passed     99.65%
1531  KX255361.1     1.05%    passed     97.85%
1532  KT347280.1     1.02%    passed     98.41%
1533  KX255376.1     1.05%    passed     96.26%
1534  LC068708.1     0.37%    passed     98.12%
1535  LC068710.1     0.37%    passed     99.00%
1536  LC068711.1     1.00%    passed     95.95%
1537  LC068709.1     0.37%    passed     99.24%
1538  LC629437.1     0.57%    passed     98.35%
1539  KX789259.2     0.37%    passed     97.98%
1540  KP455251.1    10.90%    passed     64.72%
1541  KP455253.1    10.90%    passed     60.52%
1542  KP455254.1    10.90%    passed     58.75%
1543  KP455252.1    10.90%    passed     60.89%
1544  KP455255.1    10.90%    passed     51.93%
1545  MN240516.1     0.37%    passed     89.34%
1546  JX101846.1     0.37%    passed     93.95%
1547  KT231899.1     5.28%    passed     77.31%
1548  MN240491.1     0.37%    passed     91.76%
1549  MN240503.1     0.37%    passed     92.92%
1550  KX255363.1     1.05%    passed     93.08%
1551  MN240493.1     0.37%    passed     97.13%
1552  MN240492.1     0.37%    passed     94.89%
1553  MN240512.1     0.37%    passed     95.43%
1554  KP455260.1    10.90%    passed     45.07%
1555  MN240515.1     0.37%    passed     96.02%
1556  KM892500.1     0.37%    passed     95.72%
1557  MN240494.1     0.37%    passed     97.78%
1558  KY348862.1     0.69%    passed     95.51%
1559  MN240499.1     0.37%    passed     99.61%
1560  MN240510.1     0.37%    passed     96.09%
1561  MN240501.1     0.37%    passed     92.46%
1562  KX433162.1     7.11%    passed     96.67%
1563  LC629442.1     0.62%    passed     97.94%
1564  LC629444.1     0.41%    passed     98.50%
1565  LC629443.1     0.57%    passed     96.33%
1566  KP455258.1    10.90%    passed     56.15%
1567  MK989723.1     1.45%    passed     96.07%
1568  MK989726.1     1.40%    passed     93.34%
1569  MK989724.1     1.59%    passed     94.08%
1570  MK989725.1     0.86%    passed     90.51%
1571  LC629436.1     0.39%    passed     88.83%
1572  KU242683.1     0.65%    passed     90.71%
1573  KF726085.1     0.35%    passed     91.32%
1574  MF045421.2     1.29%    passed     95.54%
1575  MN240496.1     0.31%    passed     89.54%
****  TOTAL          2.31%  0 sequences failed composition chi2 test (p-value<5%; df=3)
NOTE: NC_038308.1 is identical to AY426531.1 but kept for subsequent analysis
NOTE: PQ415009.1 is identical to PQ415008.1 but kept for subsequent analysis
NOTE: OP321154.1 is identical to OP321146.1 but kept for subsequent analysis
NOTE: PP474819.1 is identical to PP474818.1 but kept for subsequent analysis
NOTE: PQ862955.1 is identical to PQ862948.1 but kept for subsequent analysis
NOTE: PQ862943.1 is identical to PQ862942.1 but kept for subsequent analysis
NOTE: PQ862954.1 is identical to PQ862947.1 but kept for subsequent analysis
NOTE: OP267500.1 is identical to OP267493.1 but kept for subsequent analysis
NOTE: KU982560.1 is identical to KU982559.1 but kept for subsequent analysis
NOTE: KX255407.1 is identical to KX433161.1 but kept for subsequent analysis
NOTE: KP100793.1 is identical to KP126911.1 but kept for subsequent analysis
NOTE: KX255413.1 is identical to KX255395.1 but kept for subsequent analysis
NOTE: KX255373.1 is identical to KX255364.1 but kept for subsequent analysis
NOTE: KT347268.1 is identical to KT347225.1 but kept for subsequent analysis
NOTE: KT995627.1 is identical to KT995615.1 but kept for subsequent analysis
NOTE: MK681505.1 is identical to MK681504.1 but kept for subsequent analysis
NOTE: KX255398.1 is identical to KX255387.1 but kept for subsequent analysis
NOTE: KX255406.1 is identical to KX255384.1 but kept for subsequent analysis
NOTE: KX255415.1 is identical to KX255352.1 but kept for subsequent analysis
NOTE: KX255390.1 is identical to KX255362.1 but kept for subsequent analysis
NOTE: KX261818.1 is identical to KX261807.1 but kept for subsequent analysis
NOTE: KX261819.1 is identical to KX261809.1 but kept for subsequent analysis
NOTE: MH341727.1 is identical to MH341726.1 but kept for subsequent analysis
NOTE: KX255374.1 is identical to KX255360.1 but kept for subsequent analysis
NOTE: KX255396.1 is identical to KX255359.1 but kept for subsequent analysis

Create initial parsimony tree by phylogenetic likelihood library (PLL)... 2.134 seconds

NOTE: 226 MB RAM (0 GB) is required!
Measuring multi-threading efficiency up to 8 CPU cores
Increase to 10 rounds for branch lengths
3 trees examined
Threads: 1 / Time: 8.979 sec / Speedup: 1.000 / Efficiency: 100% / LogL: -1965647
Threads: 2 / Time: 6.028 sec / Speedup: 1.490 / Efficiency: 74% / LogL: -1965647
Threads: 3 / Time: 5.923 sec / Speedup: 1.516 / Efficiency: 51% / LogL: -1965647
Threads: 4 / Time: 5.216 sec / Speedup: 1.721 / Efficiency: 43% / LogL: -1965647
BEST NUMBER OF THREADS: 2

Estimate model parameters (epsilon = 0.500)
1. Initial log-likelihood: -289802.475
2. Current log-likelihood: -260886.958
3. Current log-likelihood: -260881.621
Optimal log-likelihood: -260881.612
Rate parameters:  A-C: 1.18777  A-G: 19.37720  A-T: 1.34696  C-G: 1.32872  C-T: 34.90590  G-T: 1.00000
Base frequencies:  A: 0.317  C: 0.202  G: 0.213  T: 0.267
Parameters optimization took 3 rounds (11.023 sec)
Computing ML distances based on estimated model parameters... 60.257 sec
Computing BIONJ tree...
3.576 seconds
Log-likelihood of BIONJ tree: -267148.394
--------------------------------------------------------------------
|             INITIALIZING CANDIDATE TREE SET                      |
--------------------------------------------------------------------

Do NNI search on 2 best initial trees
Estimate model parameters (epsilon = 0.500)
BETTER TREE FOUND at iteration 1: -260763.588
Finish initializing candidate tree set (4)
Current best tree score: -260763.588 / CPU time: 9.157
Number of iterations: 2
TREE SEARCH COMPLETED AFTER 2 ITERATIONS / Time: 0h:1m:26s

--------------------------------------------------------------------
|                    FINALIZING TREE SEARCH                        |
--------------------------------------------------------------------
Performs final model parameters optimization
Estimate model parameters (epsilon = 0.050)
1. Initial log-likelihood: -260763.588
Optimal log-likelihood: -260763.586
Rate parameters:  A-C: 1.18911  A-G: 19.37366  A-T: 1.34593  C-G: 1.32659  C-T: 34.91013  G-T: 1.00000
Base frequencies:  A: 0.317  C: 0.202  G: 0.213  T: 0.267
Parameters optimization took 1 rounds (1.065 sec)
BEST SCORE FOUND : -260763.586
Total tree length: 5.039

Total number of iterations: 2
CPU time used for tree search: 18.093 sec (0h:0m:18s)
Wall-clock time used for tree search: 9.196 sec (0h:0m:9s)
Total CPU time used: 172.942 sec (0h:2m:52s)
Total wall-clock time used: 87.319 sec (0h:1m:27s)

Analysis results written to: 
  IQ-TREE report:                results/aligned-delim.fasta.iqtree
  Maximum-likelihood tree:       results/aligned-delim.fasta.treefile
  Likelihood distances:          results/aligned-delim.fasta.mldist
  Screen log file:               results/aligned-delim.fasta.log

Date and Time: Thu Apr 24 15:04:08 2025
